<?xml version="1.0" encoding="UTF-8"?>
<testsuite xmlns:xsi="http://www.w3.org/2001/XMLSchema-instance" xsi:noNamespaceSchemaLocation="https://maven.apache.org/surefire/maven-surefire-plugin/xsd/surefire-test-report-3.0.xsd" version="3.0" name="cc.mallet.util.LDAUtilsTest" time="2.801" tests="41" errors="0" skipped="0" failures="0">
  <properties>
    <property name="java.specification.version" value="21"/>
    <property name="sun.jnu.encoding" value="UTF-8"/>
    <property name="java.class.path" value="/Users/elis/Documents/PhD Analytical Sociology/Research/Constrained TM/PartiallyCollapsedLDA/target/test-classes:/Users/elis/Documents/PhD Analytical Sociology/Research/Constrained TM/PartiallyCollapsedLDA/target/classes:/Users/elis/.m2/repository/it/unimi/dsi/fastutil/7.2.1/fastutil-7.2.1.jar:/Users/elis/.m2/repository/com/google/guava/guava/32.1.3-jre/guava-32.1.3-jre.jar:/Users/elis/.m2/repository/com/google/guava/failureaccess/1.0.1/failureaccess-1.0.1.jar:/Users/elis/.m2/repository/com/google/guava/listenablefuture/9999.0-empty-to-avoid-conflict-with-guava/listenablefuture-9999.0-empty-to-avoid-conflict-with-guava.jar:/Users/elis/.m2/repository/com/google/code/findbugs/jsr305/3.0.2/jsr305-3.0.2.jar:/Users/elis/.m2/repository/org/checkerframework/checker-qual/3.37.0/checker-qual-3.37.0.jar:/Users/elis/.m2/repository/com/google/errorprone/error_prone_annotations/2.21.1/error_prone_annotations-2.21.1.jar:/Users/elis/.m2/repository/com/google/j2objc/j2objc-annotations/2.8/j2objc-annotations-2.8.jar:/Users/elis/.m2/repository/commons-cli/commons-cli/1.2/commons-cli-1.2.jar:/Users/elis/.m2/repository/org/apache/commons/commons-math3/3.3/commons-math3-3.3.jar:/Users/elis/.m2/repository/commons-configuration/commons-configuration/1.9/commons-configuration-1.9.jar:/Users/elis/.m2/repository/commons-lang/commons-lang/2.6/commons-lang-2.6.jar:/Users/elis/.m2/repository/commons-logging/commons-logging/1.1.1/commons-logging-1.1.1.jar:/Users/elis/.m2/repository/cc/mallet/mallet/2.0.7/mallet-2.0.7.jar:/Users/elis/.m2/repository/junit/junit/4.10/junit-4.10.jar:/Users/elis/.m2/repository/org/hamcrest/hamcrest-core/1.1/hamcrest-core-1.1.jar:/Users/elis/.m2/repository/org/beanshell/bsh/2.0b4/bsh-2.0b4.jar:/Users/elis/.m2/repository/jgrapht/jgrapht/0.6.0/jgrapht-0.6.0.jar:/Users/elis/.m2/repository/net/sf/jwordnet/jwnl/1.4_rc3/jwnl-1.4_rc3.jar:/Users/elis/.m2/repository/net/sf/trove4j/trove4j/2.0.2/trove4j-2.0.2.jar:/Users/elis/.m2/repository/com/googlecode/matrix-toolkits-java/mtj/0.9.14/mtj-0.9.14.jar:/Users/elis/.m2/repository/com/googlecode/netlib-java/netlib-java/0.9.3/netlib-java-0.9.3.jar:/Users/elis/.m2/repository/net/sourceforge/f2j/arpack_combined_all/0.1/arpack_combined_all-0.1.jar:/Users/elis/.m2/repository/org/jdom/jdom/1.1/jdom-1.1.jar:/Users/elis/.m2/repository/org/apache/commons/commons-pool2/2.2/commons-pool2-2.2.jar:/Users/elis/.m2/repository/com/fasterxml/jackson/core/jackson-databind/2.12.6.1/jackson-databind-2.12.6.1.jar:/Users/elis/.m2/repository/com/fasterxml/jackson/core/jackson-annotations/2.12.6/jackson-annotations-2.12.6.jar:/Users/elis/.m2/repository/com/fasterxml/jackson/core/jackson-core/2.12.6/jackson-core-2.12.6.jar:/Users/elis/.m2/repository/org/projectlombok/lombok/1.18.30/lombok-1.18.30.jar:/Users/elis/.m2/repository/org/ejml/ejml-all/0.41/ejml-all-0.41.jar:/Users/elis/.m2/repository/org/ejml/ejml-core/0.41/ejml-core-0.41.jar:/Users/elis/.m2/repository/org/ejml/ejml-fdense/0.41/ejml-fdense-0.41.jar:/Users/elis/.m2/repository/org/ejml/ejml-ddense/0.41/ejml-ddense-0.41.jar:/Users/elis/.m2/repository/org/ejml/ejml-cdense/0.41/ejml-cdense-0.41.jar:/Users/elis/.m2/repository/org/ejml/ejml-zdense/0.41/ejml-zdense-0.41.jar:/Users/elis/.m2/repository/org/ejml/ejml-dsparse/0.41/ejml-dsparse-0.41.jar:/Users/elis/.m2/repository/org/ejml/ejml-simple/0.41/ejml-simple-0.41.jar:/Users/elis/.m2/repository/org/ejml/ejml-fsparse/0.41/ejml-fsparse-0.41.jar:/Users/elis/.m2/repository/me/tongfei/progressbar/0.9.4/progressbar-0.9.4.jar:/Users/elis/.m2/repository/org/jline/jline/3.21.0/jline-3.21.0.jar:"/>
    <property name="java.vm.vendor" value="Homebrew"/>
    <property name="sun.arch.data.model" value="64"/>
    <property name="java.vendor.url" value="https://github.com/Homebrew/homebrew-core/issues"/>
    <property name="user.timezone" value="Europe/Stockholm"/>
    <property name="os.name" value="Mac OS X"/>
    <property name="java.vm.specification.version" value="21"/>
    <property name="sun.java.launcher" value="SUN_STANDARD"/>
    <property name="user.country" value="SE"/>
    <property name="sun.boot.library.path" value="/opt/homebrew/Cellar/openjdk/21/libexec/openjdk.jdk/Contents/Home/lib"/>
    <property name="sun.java.command" value="/Users/elis/Documents/PhD Analytical Sociology/Research/Constrained TM/PartiallyCollapsedLDA/target/surefire/surefirebooter-20231018160231888_3.jar /Users/elis/Documents/PhD Analytical Sociology/Research/Constrained TM/PartiallyCollapsedLDA/target/surefire 2023-10-18T16-02-31_759-jvmRun1 surefire-20231018160231888_1tmp surefire_0-20231018160231888_2tmp"/>
    <property name="http.nonProxyHosts" value="local|*.local|169.254/16|*.169.254/16"/>
    <property name="jdk.debug" value="release"/>
    <property name="surefire.test.class.path" value="/Users/elis/Documents/PhD Analytical Sociology/Research/Constrained TM/PartiallyCollapsedLDA/target/test-classes:/Users/elis/Documents/PhD Analytical Sociology/Research/Constrained TM/PartiallyCollapsedLDA/target/classes:/Users/elis/.m2/repository/it/unimi/dsi/fastutil/7.2.1/fastutil-7.2.1.jar:/Users/elis/.m2/repository/com/google/guava/guava/32.1.3-jre/guava-32.1.3-jre.jar:/Users/elis/.m2/repository/com/google/guava/failureaccess/1.0.1/failureaccess-1.0.1.jar:/Users/elis/.m2/repository/com/google/guava/listenablefuture/9999.0-empty-to-avoid-conflict-with-guava/listenablefuture-9999.0-empty-to-avoid-conflict-with-guava.jar:/Users/elis/.m2/repository/com/google/code/findbugs/jsr305/3.0.2/jsr305-3.0.2.jar:/Users/elis/.m2/repository/org/checkerframework/checker-qual/3.37.0/checker-qual-3.37.0.jar:/Users/elis/.m2/repository/com/google/errorprone/error_prone_annotations/2.21.1/error_prone_annotations-2.21.1.jar:/Users/elis/.m2/repository/com/google/j2objc/j2objc-annotations/2.8/j2objc-annotations-2.8.jar:/Users/elis/.m2/repository/commons-cli/commons-cli/1.2/commons-cli-1.2.jar:/Users/elis/.m2/repository/org/apache/commons/commons-math3/3.3/commons-math3-3.3.jar:/Users/elis/.m2/repository/commons-configuration/commons-configuration/1.9/commons-configuration-1.9.jar:/Users/elis/.m2/repository/commons-lang/commons-lang/2.6/commons-lang-2.6.jar:/Users/elis/.m2/repository/commons-logging/commons-logging/1.1.1/commons-logging-1.1.1.jar:/Users/elis/.m2/repository/cc/mallet/mallet/2.0.7/mallet-2.0.7.jar:/Users/elis/.m2/repository/junit/junit/4.10/junit-4.10.jar:/Users/elis/.m2/repository/org/hamcrest/hamcrest-core/1.1/hamcrest-core-1.1.jar:/Users/elis/.m2/repository/org/beanshell/bsh/2.0b4/bsh-2.0b4.jar:/Users/elis/.m2/repository/jgrapht/jgrapht/0.6.0/jgrapht-0.6.0.jar:/Users/elis/.m2/repository/net/sf/jwordnet/jwnl/1.4_rc3/jwnl-1.4_rc3.jar:/Users/elis/.m2/repository/net/sf/trove4j/trove4j/2.0.2/trove4j-2.0.2.jar:/Users/elis/.m2/repository/com/googlecode/matrix-toolkits-java/mtj/0.9.14/mtj-0.9.14.jar:/Users/elis/.m2/repository/com/googlecode/netlib-java/netlib-java/0.9.3/netlib-java-0.9.3.jar:/Users/elis/.m2/repository/net/sourceforge/f2j/arpack_combined_all/0.1/arpack_combined_all-0.1.jar:/Users/elis/.m2/repository/org/jdom/jdom/1.1/jdom-1.1.jar:/Users/elis/.m2/repository/org/apache/commons/commons-pool2/2.2/commons-pool2-2.2.jar:/Users/elis/.m2/repository/com/fasterxml/jackson/core/jackson-databind/2.12.6.1/jackson-databind-2.12.6.1.jar:/Users/elis/.m2/repository/com/fasterxml/jackson/core/jackson-annotations/2.12.6/jackson-annotations-2.12.6.jar:/Users/elis/.m2/repository/com/fasterxml/jackson/core/jackson-core/2.12.6/jackson-core-2.12.6.jar:/Users/elis/.m2/repository/org/projectlombok/lombok/1.18.30/lombok-1.18.30.jar:/Users/elis/.m2/repository/org/ejml/ejml-all/0.41/ejml-all-0.41.jar:/Users/elis/.m2/repository/org/ejml/ejml-core/0.41/ejml-core-0.41.jar:/Users/elis/.m2/repository/org/ejml/ejml-fdense/0.41/ejml-fdense-0.41.jar:/Users/elis/.m2/repository/org/ejml/ejml-ddense/0.41/ejml-ddense-0.41.jar:/Users/elis/.m2/repository/org/ejml/ejml-cdense/0.41/ejml-cdense-0.41.jar:/Users/elis/.m2/repository/org/ejml/ejml-zdense/0.41/ejml-zdense-0.41.jar:/Users/elis/.m2/repository/org/ejml/ejml-dsparse/0.41/ejml-dsparse-0.41.jar:/Users/elis/.m2/repository/org/ejml/ejml-simple/0.41/ejml-simple-0.41.jar:/Users/elis/.m2/repository/org/ejml/ejml-fsparse/0.41/ejml-fsparse-0.41.jar:/Users/elis/.m2/repository/me/tongfei/progressbar/0.9.4/progressbar-0.9.4.jar:/Users/elis/.m2/repository/org/jline/jline/3.21.0/jline-3.21.0.jar:"/>
    <property name="sun.cpu.endian" value="little"/>
    <property name="user.home" value="/Users/elis"/>
    <property name="user.language" value="en"/>
    <property name="java.specification.vendor" value="Oracle Corporation"/>
    <property name="java.version.date" value="2023-09-19"/>
    <property name="java.home" value="/opt/homebrew/Cellar/openjdk/21/libexec/openjdk.jdk/Contents/Home"/>
    <property name="file.separator" value="/"/>
    <property name="basedir" value="/Users/elis/Documents/PhD Analytical Sociology/Research/Constrained TM/PartiallyCollapsedLDA"/>
    <property name="java.vm.compressedOopsMode" value="Zero based"/>
    <property name="line.separator" value="&#10;"/>
    <property name="java.vm.specification.vendor" value="Oracle Corporation"/>
    <property name="java.specification.name" value="Java Platform API Specification"/>
    <property name="apple.awt.application.name" value="ForkedBooter"/>
    <property name="surefire.real.class.path" value="/Users/elis/Documents/PhD Analytical Sociology/Research/Constrained TM/PartiallyCollapsedLDA/target/surefire/surefirebooter-20231018160231888_3.jar"/>
    <property name="sun.management.compiler" value="HotSpot 64-Bit Tiered Compilers"/>
    <property name="ftp.nonProxyHosts" value="local|*.local|169.254/16|*.169.254/16"/>
    <property name="java.runtime.version" value="21"/>
    <property name="user.name" value="elis"/>
    <property name="stdout.encoding" value="UTF-8"/>
    <property name="path.separator" value=":"/>
    <property name="os.version" value="14.0"/>
    <property name="java.runtime.name" value="OpenJDK Runtime Environment"/>
    <property name="file.encoding" value="UTF-8"/>
    <property name="java.vm.name" value="OpenJDK 64-Bit Server VM"/>
    <property name="java.vendor.version" value="Homebrew"/>
    <property name="localRepository" value="/Users/elis/.m2/repository"/>
    <property name="java.vendor.url.bug" value="https://github.com/Homebrew/homebrew-core/issues"/>
    <property name="java.io.tmpdir" value="/var/folders/mg/nhc28dfj6vx7_217wk8d77pr0000gn/T/"/>
    <property name="java.version" value="21"/>
    <property name="user.dir" value="/Users/elis/Documents/PhD Analytical Sociology/Research/Constrained TM/PartiallyCollapsedLDA"/>
    <property name="os.arch" value="aarch64"/>
    <property name="java.vm.specification.name" value="Java Virtual Machine Specification"/>
    <property name="native.encoding" value="UTF-8"/>
    <property name="java.library.path" value="/Users/elis/Library/Java/Extensions:/Library/Java/Extensions:/Network/Library/Java/Extensions:/System/Library/Java/Extensions:/usr/lib/java:."/>
    <property name="java.vm.info" value="mixed mode, sharing"/>
    <property name="stderr.encoding" value="UTF-8"/>
    <property name="java.vendor" value="Homebrew"/>
    <property name="java.vm.version" value="21"/>
    <property name="sun.io.unicode.encoding" value="UnicodeBig"/>
    <property name="socksNonProxyHosts" value="local|*.local|169.254/16|*.169.254/16"/>
    <property name="java.class.version" value="65.0"/>
  </properties>
  <testcase name="testWriteDobuleMatrixIndicesExplicit" classname="cc.mallet.util.LDAUtilsTest" time="0.012"/>
  <testcase name="testReadWriteBinaryDoubleMatrix" classname="cc.mallet.util.LDAUtilsTest" time="0.002"/>
  <testcase name="testReadWriteBinaryDoubleMatrixRows" classname="cc.mallet.util.LDAUtilsTest" time="0.001"/>
  <testcase name="testReadWriteBinaryDoubleMatrixCols" classname="cc.mallet.util.LDAUtilsTest" time="0.001"/>
  <testcase name="testReadWriteBinaryIntMatrixCols" classname="cc.mallet.util.LDAUtilsTest" time="0.001"/>
  <testcase name="testReadWriteBinaryIntMatrixRows" classname="cc.mallet.util.LDAUtilsTest" time="0.0"/>
  <testcase name="testCalcWordProbGivenTopicWithZero" classname="cc.mallet.util.LDAUtilsTest" time="0.0"/>
  <testcase name="testCalcUnsmoothedWordProbGivenTopic" classname="cc.mallet.util.LDAUtilsTest" time="0.0"/>
  <testcase name="testCalculateDocDensity" classname="cc.mallet.util.LDAUtilsTest" time="0.0"/>
  <testcase name="testWriteDoubleMatrixRows" classname="cc.mallet.util.LDAUtilsTest" time="0.0"/>
  <testcase name="testWriteDobuleMatrixIndices" classname="cc.mallet.util.LDAUtilsTest" time="0.001"/>
  <testcase name="testWriteDobuleMatrixCols" classname="cc.mallet.util.LDAUtilsTest" time="0.001"/>
  <testcase name="testInRangeBrokenEmptyRange" classname="cc.mallet.util.LDAUtilsTest" time="0.0"/>
  <testcase name="testInRangeBrokenNoPairRange" classname="cc.mallet.util.LDAUtilsTest" time="0.0"/>
  <testcase name="testInRangeBrokenNoPairRange2" classname="cc.mallet.util.LDAUtilsTest" time="0.0"/>
  <testcase name="testLoadTestInstancesKeep" classname="cc.mallet.util.LDAUtilsTest" time="0.596"/>
  <testcase name="testLoadTestInstancesPrune" classname="cc.mallet.util.LDAUtilsTest" time="2.166"/>
  <testcase name="testReadWriteBinaryIntMatrix" classname="cc.mallet.util.LDAUtilsTest" time="0.002"/>
  <testcase name="testReadWriteASCIIIntMatrix" classname="cc.mallet.util.LDAUtilsTest" time="0.002">
    <system-out><![CDATA[Warning : the file testLDAUtils7813621311604564583 already exists, overwriting...
]]></system-out>
  </testcase>
  <testcase name="testReadWriteASCIIDoubleMatrix" classname="cc.mallet.util.LDAUtilsTest" time="0.004">
    <system-out><![CDATA[[0]: [0.0432, 0.3783, 0.1509, 0.3045, 0.4135, 0.2809, 0.2582, 0.7267, 0.856, 0.4634, 0.337, 0.2351, 0.2646, 0.9127, 0.7895, 0.8836, 0.5284, 0.9974, 0.0015, 0.1517]
[1]: [0.7659, 0.2749, 0.8848, 0.642, 0.3117, 0.4226, 0.251, 0.3083, 0.7199, 0.4318, 0.8872, 0.4327, 0.3629, 0.0303, 0.3498, 0.353, 0.4316, 0.2813, 0.0457, 0.3735]
[2]: [0.2689, 0.4422, 0.1257, 0.3829, 0.0088, 0.4622, 0.0827, 0.4521, 0.432, 0.9481, 0.713, 0.0864, 0.8, 0.0325, 0.2811, 0.8665, 0.183, 0.3429, 0.3072, 0.9288]
[3]: [0.4594, 0.1887, 0.3881, 0.1075, 0.7316, 0.1576, 0.857, 0.5889, 0.3751, 0.5455, 0.8897, 0.6139, 0.3206, 0.4303, 0.8713, 0.1035, 0.4515, 0.7455, 0.4554, 0.0827]
[4]: [0.1954, 0.4091, 0.7635, 0.4265, 0.4823, 0.4179, 0.6031, 0.7667, 0.2525, 0.8344, 0.413, 0.3599, 0.6025, 0.7567, 0.8866, 0.3409, 0.48, 0.6926, 0.8661, 0.0642]
[5]: [0.5586, 0.2367, 0.1552, 0.1703, 0.5546, 0.5875, 0.3545, 0.6042, 0.785, 0.2385, 0.6871, 0.0611, 0.2062, 0.1226, 0.056, 0.2378, 0.5236, 0.6, 0.2463, 0.8266]
[6]: [0.2156, 0.94, 0.2734, 0.4055, 0.4773, 0.366, 0.3647, 0.2509, 0.1574, 0.31, 0.9576, 0.6257, 0.7331, 0.2532, 0.4006, 0.2816, 0.2512, 0.4151, 0.7504, 0.7554]
[7]: [0.9452, 0.6026, 0.1724, 0.5342, 0.9356, 0.7242, 0.9731, 0.3213, 0.0149, 0.8368, 0.2201, 0.4394, 0.0264, 0.101, 0.2362, 0.8789, 0.7562, 0.6927, 0.9958, 0.616]
[8]: [0.5743, 0.5412, 0.5967, 0.6074, 0.286, 0.749, 0.531, 0.3014, 0.7838, 0.6823, 0.4381, 0.5959, 0.1254, 0.018, 0.3858, 0.9213, 0.6076, 0.4821, 0.4989, 0.5299]
[9]: [0.2525, 0.6208, 0.9263, 0.1313, 0.8793, 0.7087, 0.7263, 0.7331, 0.5937, 0.8167, 0.2349, 0.9115, 0.0975, 0.1383, 0.8795, 0.7732, 0.6913, 0.9044, 0.2016, 0.5467]
]]></system-out>
  </testcase>
  <testcase name="testCalcProbTopicGivenWord" classname="cc.mallet.util.LDAUtilsTest" time="0.0"/>
  <testcase name="testCalcUnsmoothedProbWord" classname="cc.mallet.util.LDAUtilsTest" time="0.0"/>
  <testcase name="testCalcWordProbGivenTopic" classname="cc.mallet.util.LDAUtilsTest" time="0.0"/>
  <testcase name="testLoadZippedInputFile" classname="cc.mallet.util.LDAUtilsTest" time="0.003"/>
  <testcase name="testLoadGZippedInputFile" classname="cc.mallet.util.LDAUtilsTest" time="0.001"/>
  <testcase name="testWriteIntMatrixRows" classname="cc.mallet.util.LDAUtilsTest" time="0.0"/>
  <testcase name="testWriteIntMatrixCols" classname="cc.mallet.util.LDAUtilsTest" time="0.001"/>
  <testcase name="testInRangeBelow" classname="cc.mallet.util.LDAUtilsTest" time="0.0"/>
  <testcase name="testInRangeAbove" classname="cc.mallet.util.LDAUtilsTest" time="0.0"/>
  <testcase name="testInRangeBetween" classname="cc.mallet.util.LDAUtilsTest" time="0.0"/>
  <testcase name="testInRangeInLow" classname="cc.mallet.util.LDAUtilsTest" time="0.0"/>
  <testcase name="testInRangeInLow2" classname="cc.mallet.util.LDAUtilsTest" time="0.0"/>
  <testcase name="testInRangeInHigh" classname="cc.mallet.util.LDAUtilsTest" time="0.0"/>
  <testcase name="testInRangeInHigh2" classname="cc.mallet.util.LDAUtilsTest" time="0.0"/>
  <testcase name="testLoadInstancesPrune" classname="cc.mallet.util.LDAUtilsTest" time="0.001"/>
  <testcase name="testLoadInstancesKeep" classname="cc.mallet.util.LDAUtilsTest" time="0.0"/>
  <testcase name="testCalcProbTopic" classname="cc.mallet.util.LDAUtilsTest" time="0.0"/>
  <testcase name="testCalcProbWord" classname="cc.mallet.util.LDAUtilsTest" time="0.0"/>
  <testcase name="testK1ReWeighting" classname="cc.mallet.util.LDAUtilsTest" time="0.001">
    <system-out><![CDATA[0.09253731343283582, 0.24705882352941183, 0.6000000000000001, 
0.032835820895522394, 0.6000000000000001, 0.24705882352941183, 
0.0029850746268656717, 0.011764705882352944, 0.011764705882352944, 
0.2716417910447761, 0.1294117647058824, 0.1294117647058824, 
0.6000000000000001, 0.011764705882352944, 0.011764705882352944, 

0.09848626424967294, 0.2629415062605121, 0.638572229489815, 
0.037317900618638995, 0.6818998203951308, 0.2807822789862303, 
0.11258278145695362, 0.4437086092715232, 0.4437086092715232, 
0.5120820920225091, 0.24395895398874554, 0.24395895398874554, 
0.9622641509433963, 0.018867924528301893, 0.018867924528301893, 
]]></system-out>
  </testcase>
  <testcase name="testLoadPlainInputFile" classname="cc.mallet.util.LDAUtilsTest" time="0.0"/>
  <testcase name="testLoadInstances" classname="cc.mallet.util.LDAUtilsTest" time="0.001"/>
</testsuite>