<?xml version="1.0" encoding="UTF-8"?>
<testsuite xmlns:xsi="http://www.w3.org/2001/XMLSchema-instance" xsi:noNamespaceSchemaLocation="https://maven.apache.org/surefire/maven-surefire-plugin/xsd/surefire-test-report-3.0.xsd" version="3.0" name="cc.mallet.types.VSDirichletTest" time="0.02" tests="1" errors="0" skipped="0" failures="0">
  <properties>
    <property name="java.specification.version" value="21"/>
    <property name="sun.jnu.encoding" value="UTF-8"/>
    <property name="java.class.path" value="/Users/elis/Documents/PhD Analytical Sociology/Research/Constrained TM/PartiallyCollapsedLDA/target/test-classes:/Users/elis/Documents/PhD Analytical Sociology/Research/Constrained TM/PartiallyCollapsedLDA/target/classes:/Users/elis/.m2/repository/it/unimi/dsi/fastutil/7.2.1/fastutil-7.2.1.jar:/Users/elis/.m2/repository/com/google/guava/guava/32.1.3-jre/guava-32.1.3-jre.jar:/Users/elis/.m2/repository/com/google/guava/failureaccess/1.0.1/failureaccess-1.0.1.jar:/Users/elis/.m2/repository/com/google/guava/listenablefuture/9999.0-empty-to-avoid-conflict-with-guava/listenablefuture-9999.0-empty-to-avoid-conflict-with-guava.jar:/Users/elis/.m2/repository/com/google/code/findbugs/jsr305/3.0.2/jsr305-3.0.2.jar:/Users/elis/.m2/repository/org/checkerframework/checker-qual/3.37.0/checker-qual-3.37.0.jar:/Users/elis/.m2/repository/com/google/errorprone/error_prone_annotations/2.21.1/error_prone_annotations-2.21.1.jar:/Users/elis/.m2/repository/com/google/j2objc/j2objc-annotations/2.8/j2objc-annotations-2.8.jar:/Users/elis/.m2/repository/commons-cli/commons-cli/1.2/commons-cli-1.2.jar:/Users/elis/.m2/repository/org/apache/commons/commons-math3/3.3/commons-math3-3.3.jar:/Users/elis/.m2/repository/commons-configuration/commons-configuration/1.9/commons-configuration-1.9.jar:/Users/elis/.m2/repository/commons-lang/commons-lang/2.6/commons-lang-2.6.jar:/Users/elis/.m2/repository/commons-logging/commons-logging/1.1.1/commons-logging-1.1.1.jar:/Users/elis/.m2/repository/cc/mallet/mallet/2.0.7/mallet-2.0.7.jar:/Users/elis/.m2/repository/junit/junit/4.10/junit-4.10.jar:/Users/elis/.m2/repository/org/hamcrest/hamcrest-core/1.1/hamcrest-core-1.1.jar:/Users/elis/.m2/repository/org/beanshell/bsh/2.0b4/bsh-2.0b4.jar:/Users/elis/.m2/repository/jgrapht/jgrapht/0.6.0/jgrapht-0.6.0.jar:/Users/elis/.m2/repository/net/sf/jwordnet/jwnl/1.4_rc3/jwnl-1.4_rc3.jar:/Users/elis/.m2/repository/net/sf/trove4j/trove4j/2.0.2/trove4j-2.0.2.jar:/Users/elis/.m2/repository/com/googlecode/matrix-toolkits-java/mtj/0.9.14/mtj-0.9.14.jar:/Users/elis/.m2/repository/com/googlecode/netlib-java/netlib-java/0.9.3/netlib-java-0.9.3.jar:/Users/elis/.m2/repository/net/sourceforge/f2j/arpack_combined_all/0.1/arpack_combined_all-0.1.jar:/Users/elis/.m2/repository/org/jdom/jdom/1.1/jdom-1.1.jar:/Users/elis/.m2/repository/org/apache/commons/commons-pool2/2.2/commons-pool2-2.2.jar:/Users/elis/.m2/repository/com/fasterxml/jackson/core/jackson-databind/2.12.6.1/jackson-databind-2.12.6.1.jar:/Users/elis/.m2/repository/com/fasterxml/jackson/core/jackson-annotations/2.12.6/jackson-annotations-2.12.6.jar:/Users/elis/.m2/repository/com/fasterxml/jackson/core/jackson-core/2.12.6/jackson-core-2.12.6.jar:/Users/elis/.m2/repository/org/projectlombok/lombok/1.18.30/lombok-1.18.30.jar:/Users/elis/.m2/repository/org/ejml/ejml-all/0.41/ejml-all-0.41.jar:/Users/elis/.m2/repository/org/ejml/ejml-core/0.41/ejml-core-0.41.jar:/Users/elis/.m2/repository/org/ejml/ejml-fdense/0.41/ejml-fdense-0.41.jar:/Users/elis/.m2/repository/org/ejml/ejml-ddense/0.41/ejml-ddense-0.41.jar:/Users/elis/.m2/repository/org/ejml/ejml-cdense/0.41/ejml-cdense-0.41.jar:/Users/elis/.m2/repository/org/ejml/ejml-zdense/0.41/ejml-zdense-0.41.jar:/Users/elis/.m2/repository/org/ejml/ejml-dsparse/0.41/ejml-dsparse-0.41.jar:/Users/elis/.m2/repository/org/ejml/ejml-simple/0.41/ejml-simple-0.41.jar:/Users/elis/.m2/repository/org/ejml/ejml-fsparse/0.41/ejml-fsparse-0.41.jar:/Users/elis/.m2/repository/me/tongfei/progressbar/0.9.4/progressbar-0.9.4.jar:/Users/elis/.m2/repository/org/jline/jline/3.21.0/jline-3.21.0.jar:"/>
    <property name="java.vm.vendor" value="Homebrew"/>
    <property name="sun.arch.data.model" value="64"/>
    <property name="java.vendor.url" value="https://github.com/Homebrew/homebrew-core/issues"/>
    <property name="user.timezone" value="Europe/Stockholm"/>
    <property name="os.name" value="Mac OS X"/>
    <property name="java.vm.specification.version" value="21"/>
    <property name="sun.java.launcher" value="SUN_STANDARD"/>
    <property name="user.country" value="SE"/>
    <property name="sun.boot.library.path" value="/opt/homebrew/Cellar/openjdk/21/libexec/openjdk.jdk/Contents/Home/lib"/>
    <property name="sun.java.command" value="/Users/elis/Documents/PhD Analytical Sociology/Research/Constrained TM/PartiallyCollapsedLDA/target/surefire/surefirebooter-20231018160231888_3.jar /Users/elis/Documents/PhD Analytical Sociology/Research/Constrained TM/PartiallyCollapsedLDA/target/surefire 2023-10-18T16-02-31_759-jvmRun1 surefire-20231018160231888_1tmp surefire_0-20231018160231888_2tmp"/>
    <property name="http.nonProxyHosts" value="local|*.local|169.254/16|*.169.254/16"/>
    <property name="jdk.debug" value="release"/>
    <property name="surefire.test.class.path" value="/Users/elis/Documents/PhD Analytical Sociology/Research/Constrained TM/PartiallyCollapsedLDA/target/test-classes:/Users/elis/Documents/PhD Analytical Sociology/Research/Constrained TM/PartiallyCollapsedLDA/target/classes:/Users/elis/.m2/repository/it/unimi/dsi/fastutil/7.2.1/fastutil-7.2.1.jar:/Users/elis/.m2/repository/com/google/guava/guava/32.1.3-jre/guava-32.1.3-jre.jar:/Users/elis/.m2/repository/com/google/guava/failureaccess/1.0.1/failureaccess-1.0.1.jar:/Users/elis/.m2/repository/com/google/guava/listenablefuture/9999.0-empty-to-avoid-conflict-with-guava/listenablefuture-9999.0-empty-to-avoid-conflict-with-guava.jar:/Users/elis/.m2/repository/com/google/code/findbugs/jsr305/3.0.2/jsr305-3.0.2.jar:/Users/elis/.m2/repository/org/checkerframework/checker-qual/3.37.0/checker-qual-3.37.0.jar:/Users/elis/.m2/repository/com/google/errorprone/error_prone_annotations/2.21.1/error_prone_annotations-2.21.1.jar:/Users/elis/.m2/repository/com/google/j2objc/j2objc-annotations/2.8/j2objc-annotations-2.8.jar:/Users/elis/.m2/repository/commons-cli/commons-cli/1.2/commons-cli-1.2.jar:/Users/elis/.m2/repository/org/apache/commons/commons-math3/3.3/commons-math3-3.3.jar:/Users/elis/.m2/repository/commons-configuration/commons-configuration/1.9/commons-configuration-1.9.jar:/Users/elis/.m2/repository/commons-lang/commons-lang/2.6/commons-lang-2.6.jar:/Users/elis/.m2/repository/commons-logging/commons-logging/1.1.1/commons-logging-1.1.1.jar:/Users/elis/.m2/repository/cc/mallet/mallet/2.0.7/mallet-2.0.7.jar:/Users/elis/.m2/repository/junit/junit/4.10/junit-4.10.jar:/Users/elis/.m2/repository/org/hamcrest/hamcrest-core/1.1/hamcrest-core-1.1.jar:/Users/elis/.m2/repository/org/beanshell/bsh/2.0b4/bsh-2.0b4.jar:/Users/elis/.m2/repository/jgrapht/jgrapht/0.6.0/jgrapht-0.6.0.jar:/Users/elis/.m2/repository/net/sf/jwordnet/jwnl/1.4_rc3/jwnl-1.4_rc3.jar:/Users/elis/.m2/repository/net/sf/trove4j/trove4j/2.0.2/trove4j-2.0.2.jar:/Users/elis/.m2/repository/com/googlecode/matrix-toolkits-java/mtj/0.9.14/mtj-0.9.14.jar:/Users/elis/.m2/repository/com/googlecode/netlib-java/netlib-java/0.9.3/netlib-java-0.9.3.jar:/Users/elis/.m2/repository/net/sourceforge/f2j/arpack_combined_all/0.1/arpack_combined_all-0.1.jar:/Users/elis/.m2/repository/org/jdom/jdom/1.1/jdom-1.1.jar:/Users/elis/.m2/repository/org/apache/commons/commons-pool2/2.2/commons-pool2-2.2.jar:/Users/elis/.m2/repository/com/fasterxml/jackson/core/jackson-databind/2.12.6.1/jackson-databind-2.12.6.1.jar:/Users/elis/.m2/repository/com/fasterxml/jackson/core/jackson-annotations/2.12.6/jackson-annotations-2.12.6.jar:/Users/elis/.m2/repository/com/fasterxml/jackson/core/jackson-core/2.12.6/jackson-core-2.12.6.jar:/Users/elis/.m2/repository/org/projectlombok/lombok/1.18.30/lombok-1.18.30.jar:/Users/elis/.m2/repository/org/ejml/ejml-all/0.41/ejml-all-0.41.jar:/Users/elis/.m2/repository/org/ejml/ejml-core/0.41/ejml-core-0.41.jar:/Users/elis/.m2/repository/org/ejml/ejml-fdense/0.41/ejml-fdense-0.41.jar:/Users/elis/.m2/repository/org/ejml/ejml-ddense/0.41/ejml-ddense-0.41.jar:/Users/elis/.m2/repository/org/ejml/ejml-cdense/0.41/ejml-cdense-0.41.jar:/Users/elis/.m2/repository/org/ejml/ejml-zdense/0.41/ejml-zdense-0.41.jar:/Users/elis/.m2/repository/org/ejml/ejml-dsparse/0.41/ejml-dsparse-0.41.jar:/Users/elis/.m2/repository/org/ejml/ejml-simple/0.41/ejml-simple-0.41.jar:/Users/elis/.m2/repository/org/ejml/ejml-fsparse/0.41/ejml-fsparse-0.41.jar:/Users/elis/.m2/repository/me/tongfei/progressbar/0.9.4/progressbar-0.9.4.jar:/Users/elis/.m2/repository/org/jline/jline/3.21.0/jline-3.21.0.jar:"/>
    <property name="sun.cpu.endian" value="little"/>
    <property name="user.home" value="/Users/elis"/>
    <property name="user.language" value="en"/>
    <property name="java.specification.vendor" value="Oracle Corporation"/>
    <property name="java.version.date" value="2023-09-19"/>
    <property name="java.home" value="/opt/homebrew/Cellar/openjdk/21/libexec/openjdk.jdk/Contents/Home"/>
    <property name="file.separator" value="/"/>
    <property name="basedir" value="/Users/elis/Documents/PhD Analytical Sociology/Research/Constrained TM/PartiallyCollapsedLDA"/>
    <property name="java.vm.compressedOopsMode" value="Zero based"/>
    <property name="line.separator" value="&#10;"/>
    <property name="java.vm.specification.vendor" value="Oracle Corporation"/>
    <property name="java.specification.name" value="Java Platform API Specification"/>
    <property name="apple.awt.application.name" value="ForkedBooter"/>
    <property name="surefire.real.class.path" value="/Users/elis/Documents/PhD Analytical Sociology/Research/Constrained TM/PartiallyCollapsedLDA/target/surefire/surefirebooter-20231018160231888_3.jar"/>
    <property name="sun.management.compiler" value="HotSpot 64-Bit Tiered Compilers"/>
    <property name="ftp.nonProxyHosts" value="local|*.local|169.254/16|*.169.254/16"/>
    <property name="java.runtime.version" value="21"/>
    <property name="user.name" value="elis"/>
    <property name="stdout.encoding" value="UTF-8"/>
    <property name="path.separator" value=":"/>
    <property name="os.version" value="14.0"/>
    <property name="java.runtime.name" value="OpenJDK Runtime Environment"/>
    <property name="file.encoding" value="UTF-8"/>
    <property name="java.vm.name" value="OpenJDK 64-Bit Server VM"/>
    <property name="java.vendor.version" value="Homebrew"/>
    <property name="localRepository" value="/Users/elis/.m2/repository"/>
    <property name="java.vendor.url.bug" value="https://github.com/Homebrew/homebrew-core/issues"/>
    <property name="java.io.tmpdir" value="/var/folders/mg/nhc28dfj6vx7_217wk8d77pr0000gn/T/"/>
    <property name="java.version" value="21"/>
    <property name="user.dir" value="/Users/elis/Documents/PhD Analytical Sociology/Research/Constrained TM/PartiallyCollapsedLDA"/>
    <property name="os.arch" value="aarch64"/>
    <property name="java.vm.specification.name" value="Java Virtual Machine Specification"/>
    <property name="native.encoding" value="UTF-8"/>
    <property name="java.library.path" value="/Users/elis/Library/Java/Extensions:/Library/Java/Extensions:/Network/Library/Java/Extensions:/System/Library/Java/Extensions:/usr/lib/java:."/>
    <property name="java.vm.info" value="mixed mode, sharing"/>
    <property name="stderr.encoding" value="UTF-8"/>
    <property name="java.vendor" value="Homebrew"/>
    <property name="java.vm.version" value="21"/>
    <property name="sun.io.unicode.encoding" value="UnicodeBig"/>
    <property name="socksNonProxyHosts" value="local|*.local|169.254/16|*.169.254/16"/>
    <property name="java.class.version" value="65.0"/>
  </properties>
  <testcase name="testIndicatorSampling" classname="cc.mallet.types.VSDirichletTest" time="0.02">
    <system-out><![CDATA[Phi[10]:0,0000, 0,0027, 0,0000, 0,0183, 0,0168, 0,5542, 0,0244, 0,0000, 0,0000, 0,3837, 
Phi[10]:0,0000, 0,0280, 0,0000, 0,0225, 0,0230, 0,4644, 0,0506, 0,0373, 0,0000, 0,3742, 
Phi[10]:0,0000, 0,0207, 0,0000, 0,0629, 0,0432, 0,4517, 0,0308, 0,0383, 0,0000, 0,3524, 
Phi[10]:0,0000, 0,0992, 0,0000, 0,0900, 0,0094, 0,3914, 0,0262, 0,0363, 0,0000, 0,3475, 
Phi[10]:0,0000, 0,0163, 0,0000, 0,0244, 0,0266, 0,3336, 0,0633, 0,0389, 0,0000, 0,4969, 
Phi[10]:0,0000, 0,0119, 0,0000, 0,0683, 0,0845, 0,4404, 0,0326, 0,0396, 0,0000, 0,3226, 
Phi[10]:0,0000, 0,0645, 0,0000, 0,0509, 0,0155, 0,4316, 0,0792, 0,0089, 0,0000, 0,3492, 
Phi[10]:0,0000, 0,0181, 0,0000, 0,0264, 0,0503, 0,3156, 0,1098, 0,0285, 0,0000, 0,4513, 
Phi[10]:0,0000, 0,0376, 0,0000, 0,0260, 0,0513, 0,3343, 0,0544, 0,0196, 0,0000, 0,4769, 
Phi[10]:0,0000, 0,0671, 0,0000, 0,0321, 0,0034, 0,4322, 0,0000, 0,0102, 0,0000, 0,4549, 
Phi[10]:0,0000, 0,0757, 0,0000, 0,0404, 0,0003, 0,5254, 0,0615, 0,0454, 0,0000, 0,2514, 
Phi[10]:0,0000, 0,0071, 0,0003, 0,0323, 0,0060, 0,4835, 0,0176, 0,0931, 0,0141, 0,3460, 
Phi[10]:0,0000, 0,0473, 0,0000, 0,0690, 0,0000, 0,4062, 0,0218, 0,0311, 0,0000, 0,4246, 
Phi[10]:0,0000, 0,0245, 0,0000, 0,0135, 0,1065, 0,3585, 0,0441, 0,0181, 0,0000, 0,4348, 
Phi[10]:0,0000, 0,0291, 0,0000, 0,0543, 0,0528, 0,5232, 0,0225, 0,0638, 0,0000, 0,2543, 
Phi[10]:0,0000, 0,0432, 0,0000, 0,0309, 0,0195, 0,5175, 0,0444, 0,0005, 0,0000, 0,3440, 
Phi[10]:0,0000, 0,0471, 0,0000, 0,0259, 0,0448, 0,4702, 0,0423, 0,0000, 0,0000, 0,3698, 
Phi[10]:0,0000, 0,0427, 0,0000, 0,0238, 0,0604, 0,3946, 0,0146, 0,0411, 0,0000, 0,4228, 
Phi[10]:0,0000, 0,0424, 0,0000, 0,0225, 0,0540, 0,5339, 0,0237, 0,0386, 0,0000, 0,2849, 
Phi[10]:0,0000, 0,0381, 0,0001, 0,0330, 0,0604, 0,3303, 0,0517, 0,0332, 0,0000, 0,4531, 
Phi[10]:0,0000, 0,0344, 0,0000, 0,0397, 0,0075, 0,4754, 0,0528, 0,0644, 0,0000, 0,3257, 
Phi[10]:0,0000, 0,0107, 0,0000, 0,0996, 0,0221, 0,4379, 0,0246, 0,0240, 0,0000, 0,3810, 
Phi[10]:0,0000, 0,0488, 0,0000, 0,0279, 0,0059, 0,4639, 0,0646, 0,0274, 0,0000, 0,3616, 
Phi[10]:0,0000, 0,0578, 0,0000, 0,0073, 0,0088, 0,4598, 0,0289, 0,0420, 0,0277, 0,3678, 
Phi[10]:0,0000, 0,0252, 0,0000, 0,0682, 0,0250, 0,3750, 0,0424, 0,0411, 0,0000, 0,4231, 
Phi[10]:0,0000, 0,0246, 0,0000, 0,0319, 0,0203, 0,5283, 0,0062, 0,0383, 0,0000, 0,3502, 
Phi[10]:0,0000, 0,0772, 0,0000, 0,0069, 0,0245, 0,4166, 0,0773, 0,0038, 0,0000, 0,3936, 
Phi[10]:0,0000, 0,0235, 0,0000, 0,0633, 0,0040, 0,4527, 0,0370, 0,1094, 0,0000, 0,3100, 
Phi[10]:0,0000, 0,0178, 0,0000, 0,0605, 0,0397, 0,4640, 0,0171, 0,0386, 0,0000, 0,3623, 
Phi[10]:0,0000, 0,0116, 0,0000, 0,0365, 0,0198, 0,4825, 0,0510, 0,0223, 0,0000, 0,3764, 
Phi[10]:0,0000, 0,0376, 0,0000, 0,0023, 0,0853, 0,5773, 0,0310, 0,0093, 0,0000, 0,2573, 
Phi[10]:0,0000, 0,0065, 0,0000, 0,0393, 0,0146, 0,4009, 0,0111, 0,0622, 0,0000, 0,4654, 
Phi[10]:0,0000, 0,0697, 0,0000, 0,0000, 0,0127, 0,5266, 0,0161, 0,0375, 0,0000, 0,3374, 
Phi[10]:0,0000, 0,0508, 0,0000, 0,0011, 0,0506, 0,3812, 0,0505, 0,0589, 0,0000, 0,4070, 
Phi[10]:0,0000, 0,0209, 0,0000, 0,0619, 0,0065, 0,4034, 0,0224, 0,0473, 0,0000, 0,4377, 
Phi[10]:0,0000, 0,0531, 0,0000, 0,0842, 0,0203, 0,4333, 0,0416, 0,0078, 0,0000, 0,3597, 
Phi[10]:0,0000, 0,0394, 0,0000, 0,0347, 0,0056, 0,4343, 0,0357, 0,0412, 0,0000, 0,4092, 
Phi[10]:0,0000, 0,0245, 0,0000, 0,0393, 0,0492, 0,3907, 0,0311, 0,0551, 0,0000, 0,4102, 
Phi[10]:0,0232, 0,0630, 0,0000, 0,0000, 0,0186, 0,4744, 0,0485, 0,0486, 0,0103, 0,3134, 
Phi[10]:0,0000, 0,0629, 0,0000, 0,0807, 0,0110, 0,4969, 0,0498, 0,0728, 0,0000, 0,2259, 
Phi[10]:0,0000, 0,0364, 0,0000, 0,0257, 0,0182, 0,4329, 0,0000, 0,0852, 0,0000, 0,4016, 
Phi[10]:0,0092, 0,0173, 0,0000, 0,0171, 0,0837, 0,4797, 0,0056, 0,0503, 0,0000, 0,3369, 
Phi[10]:0,0000, 0,0028, 0,0000, 0,0115, 0,0000, 0,4604, 0,0764, 0,0703, 0,0000, 0,3787, 
Phi[10]:0,0000, 0,0043, 0,0000, 0,0340, 0,0067, 0,5701, 0,0255, 0,0437, 0,0000, 0,3157, 
Phi[10]:0,0000, 0,0168, 0,0000, 0,0307, 0,0320, 0,4227, 0,1363, 0,0833, 0,0000, 0,2782, 
Phi[10]:0,0000, 0,0202, 0,0000, 0,0685, 0,0065, 0,4198, 0,0578, 0,0243, 0,0000, 0,4030, 
Phi[10]:0,0000, 0,0362, 0,0000, 0,0403, 0,0756, 0,3534, 0,0590, 0,0388, 0,0000, 0,3966, 
Phi[10]:0,0000, 0,0457, 0,0000, 0,0545, 0,0336, 0,4003, 0,0408, 0,0925, 0,0000, 0,3325, 
Phi[10]:0,0000, 0,0482, 0,0000, 0,0235, 0,0000, 0,3810, 0,1187, 0,0283, 0,0000, 0,4003, 
Phi[10]:0,0000, 0,0494, 0,0000, 0,1136, 0,0298, 0,4666, 0,0141, 0,0312, 0,0000, 0,2952, 
Phi[10]:0,0000, 0,0365, 0,0000, 0,0609, 0,0133, 0,4321, 0,1031, 0,0047, 0,0000, 0,3494, 
Phi[10]:0,0000, 0,0227, 0,0000, 0,0380, 0,0392, 0,4443, 0,0649, 0,0411, 0,0000, 0,3498, 
Phi[10]:0,0000, 0,0266, 0,0000, 0,0883, 0,0131, 0,4030, 0,0514, 0,0193, 0,0000, 0,3982, 
Phi[10]:0,0000, 0,0344, 0,0000, 0,0223, 0,0263, 0,4458, 0,0404, 0,0263, 0,0000, 0,4045, 
Phi[10]:0,0000, 0,0789, 0,0000, 0,0240, 0,0199, 0,4920, 0,0182, 0,0823, 0,0000, 0,2847, 
Phi[10]:0,0000, 0,0504, 0,0000, 0,0333, 0,0131, 0,3598, 0,0344, 0,0531, 0,0000, 0,4560, 
Phi[10]:0,0000, 0,0743, 0,0000, 0,1336, 0,0069, 0,3533, 0,0007, 0,0810, 0,0000, 0,3503, 
Phi[10]:0,0000, 0,0031, 0,0000, 0,1063, 0,0161, 0,4158, 0,0752, 0,0433, 0,0000, 0,3401, 
Phi[10]:0,0000, 0,0529, 0,0000, 0,0228, 0,0495, 0,5413, 0,0354, 0,0041, 0,0000, 0,2942, 
Phi[10]:0,0000, 0,0430, 0,0000, 0,0255, 0,0404, 0,4638, 0,1084, 0,0341, 0,0000, 0,2849, 
Phi[10]:0,0000, 0,0306, 0,0000, 0,0235, 0,0329, 0,4730, 0,0512, 0,0000, 0,0000, 0,3887, 
Phi[10]:0,0000, 0,0481, 0,0000, 0,0788, 0,0781, 0,4772, 0,0285, 0,0087, 0,0000, 0,2805, 
Phi[10]:0,0000, 0,0623, 0,0000, 0,0376, 0,0410, 0,4658, 0,0296, 0,0341, 0,0000, 0,3296, 
Phi[10]:0,0000, 0,0148, 0,0000, 0,0616, 0,0369, 0,4032, 0,0100, 0,0641, 0,0000, 0,4094, 
Phi[10]:0,0000, 0,0237, 0,0000, 0,0752, 0,0122, 0,4714, 0,0222, 0,0167, 0,0000, 0,3786, 
Phi[10]:0,0000, 0,0760, 0,0000, 0,0189, 0,0119, 0,4358, 0,0883, 0,0055, 0,0000, 0,3637, 
Phi[10]:0,0000, 0,0292, 0,0000, 0,0592, 0,0605, 0,3473, 0,0431, 0,0619, 0,0000, 0,3988, 
Phi[10]:0,0000, 0,0022, 0,0000, 0,0206, 0,0251, 0,5226, 0,0102, 0,0277, 0,0000, 0,3917, 
Phi[10]:0,0000, 0,0629, 0,0000, 0,0737, 0,0125, 0,4574, 0,0330, 0,0540, 0,0000, 0,3066, 
Phi[10]:0,0000, 0,0352, 0,0000, 0,0209, 0,0414, 0,4396, 0,0221, 0,0624, 0,0000, 0,3784, 
Phi[10]:0,0000, 0,0273, 0,0000, 0,0537, 0,0801, 0,4505, 0,0341, 0,0280, 0,0000, 0,3264, 
Phi[10]:0,0000, 0,0832, 0,0000, 0,0015, 0,0316, 0,4545, 0,0589, 0,0000, 0,0000, 0,3703, 
Phi[10]:0,0000, 0,0219, 0,0000, 0,0232, 0,0465, 0,5005, 0,0115, 0,0322, 0,0000, 0,3643, 
Phi[10]:0,0000, 0,0591, 0,0000, 0,0652, 0,0000, 0,4517, 0,0320, 0,0334, 0,0000, 0,3585, 
Phi[10]:0,0000, 0,0206, 0,0000, 0,0821, 0,0000, 0,5095, 0,0294, 0,0426, 0,0000, 0,3159, 
Phi[10]:0,0000, 0,0414, 0,0000, 0,0431, 0,0441, 0,4462, 0,0339, 0,0405, 0,0000, 0,3508, 
Phi[10]:0,0000, 0,0025, 0,0000, 0,0020, 0,0138, 0,4784, 0,0456, 0,0617, 0,0000, 0,3960, 
Phi[10]:0,0000, 0,0020, 0,0000, 0,0804, 0,0215, 0,4428, 0,0778, 0,0343, 0,0000, 0,3412, 
Phi[10]:0,0000, 0,0779, 0,0000, 0,0729, 0,0450, 0,5550, 0,0055, 0,0090, 0,0000, 0,2346, 
Phi[10]:0,0000, 0,0462, 0,0000, 0,0158, 0,0000, 0,4189, 0,0391, 0,0221, 0,0000, 0,4579, 
Phi[10]:0,0000, 0,0056, 0,0000, 0,0227, 0,0000, 0,4877, 0,0810, 0,0464, 0,0000, 0,3567, 
Phi[10]:0,0000, 0,0213, 0,0000, 0,0780, 0,0239, 0,5372, 0,0707, 0,0168, 0,0000, 0,2521, 
Phi[10]:0,0000, 0,0412, 0,0000, 0,1002, 0,0334, 0,3493, 0,0461, 0,0471, 0,0000, 0,3825, 
Phi[10]:0,0000, 0,0780, 0,0000, 0,0292, 0,0069, 0,4498, 0,0455, 0,0041, 0,0000, 0,3865, 
Phi[10]:0,0000, 0,0433, 0,0000, 0,0743, 0,0615, 0,5171, 0,0588, 0,0159, 0,0000, 0,2292, 
Phi[10]:0,0000, 0,0700, 0,0000, 0,0000, 0,0182, 0,4168, 0,0141, 0,0905, 0,0000, 0,3903, 
Phi[10]:0,0000, 0,0605, 0,0000, 0,0299, 0,0192, 0,4554, 0,0266, 0,0493, 0,0000, 0,3592, 
Phi[10]:0,0000, 0,0214, 0,0000, 0,0146, 0,0608, 0,5686, 0,0294, 0,0074, 0,0000, 0,2978, 
Phi[10]:0,0000, 0,0125, 0,0000, 0,0266, 0,1133, 0,5881, 0,0045, 0,0054, 0,0000, 0,2497, 
Phi[10]:0,0000, 0,0654, 0,0000, 0,0282, 0,0254, 0,4454, 0,0046, 0,0421, 0,0000, 0,3890, 
Phi[10]:0,0000, 0,0107, 0,0000, 0,1021, 0,0825, 0,2841, 0,0139, 0,0086, 0,0000, 0,4982, 
Phi[10]:0,0000, 0,0292, 0,0000, 0,0252, 0,0288, 0,4549, 0,0370, 0,0037, 0,0000, 0,4211, 
Phi[10]:0,0000, 0,1004, 0,0000, 0,0000, 0,0196, 0,4157, 0,0647, 0,0333, 0,0000, 0,3664, 
Phi[10]:0,0000, 0,0341, 0,0000, 0,0181, 0,0675, 0,4504, 0,0988, 0,0686, 0,0000, 0,2623, 
Phi[10]:0,0000, 0,0799, 0,0000, 0,0727, 0,0117, 0,4301, 0,0950, 0,0000, 0,0000, 0,3106, 
Phi[10]:0,0000, 0,0490, 0,0000, 0,0055, 0,0879, 0,4239, 0,0140, 0,0057, 0,0000, 0,4140, 
Phi[10]:0,0000, 0,0688, 0,0000, 0,0136, 0,0728, 0,3419, 0,0132, 0,0154, 0,0000, 0,4743, 
Phi[10]:0,0000, 0,0373, 0,0000, 0,0061, 0,0333, 0,5415, 0,0262, 0,0000, 0,0000, 0,3556, 
Phi[10]:0,0000, 0,0342, 0,0000, 0,0699, 0,0000, 0,4337, 0,0231, 0,0157, 0,0000, 0,4234, 
Phi[10]:0,0000, 0,0209, 0,0000, 0,0122, 0,0441, 0,5042, 0,0212, 0,0256, 0,0002, 0,3716, 
ZeroCount[10]:95, 0, 95, 4, 8, 0, 2, 5, 93, 0, 
]]></system-out>
  </testcase>
</testsuite>