<?xml version="1.0" encoding="UTF-8"?>
<testsuite xmlns:xsi="http://www.w3.org/2001/XMLSchema-instance" xsi:noNamespaceSchemaLocation="https://maven.apache.org/surefire/maven-surefire-plugin/xsd/surefire-test-report-3.0.xsd" version="3.0" name="cc.mallet.similarity.CorpusStatisticsTest" time="37.847" tests="7" errors="0" skipped="0" failures="0">
  <properties>
    <property name="java.specification.version" value="21"/>
    <property name="sun.jnu.encoding" value="UTF-8"/>
    <property name="java.class.path" value="/Users/elis/Documents/PhD Analytical Sociology/Research/Constrained TM/PartiallyCollapsedLDA/target/test-classes:/Users/elis/Documents/PhD Analytical Sociology/Research/Constrained TM/PartiallyCollapsedLDA/target/classes:/Users/elis/.m2/repository/it/unimi/dsi/fastutil/7.2.1/fastutil-7.2.1.jar:/Users/elis/.m2/repository/com/google/guava/guava/32.1.3-jre/guava-32.1.3-jre.jar:/Users/elis/.m2/repository/com/google/guava/failureaccess/1.0.1/failureaccess-1.0.1.jar:/Users/elis/.m2/repository/com/google/guava/listenablefuture/9999.0-empty-to-avoid-conflict-with-guava/listenablefuture-9999.0-empty-to-avoid-conflict-with-guava.jar:/Users/elis/.m2/repository/com/google/code/findbugs/jsr305/3.0.2/jsr305-3.0.2.jar:/Users/elis/.m2/repository/org/checkerframework/checker-qual/3.37.0/checker-qual-3.37.0.jar:/Users/elis/.m2/repository/com/google/errorprone/error_prone_annotations/2.21.1/error_prone_annotations-2.21.1.jar:/Users/elis/.m2/repository/com/google/j2objc/j2objc-annotations/2.8/j2objc-annotations-2.8.jar:/Users/elis/.m2/repository/commons-cli/commons-cli/1.2/commons-cli-1.2.jar:/Users/elis/.m2/repository/org/apache/commons/commons-math3/3.3/commons-math3-3.3.jar:/Users/elis/.m2/repository/commons-configuration/commons-configuration/1.9/commons-configuration-1.9.jar:/Users/elis/.m2/repository/commons-lang/commons-lang/2.6/commons-lang-2.6.jar:/Users/elis/.m2/repository/commons-logging/commons-logging/1.1.1/commons-logging-1.1.1.jar:/Users/elis/.m2/repository/cc/mallet/mallet/2.0.7/mallet-2.0.7.jar:/Users/elis/.m2/repository/junit/junit/4.10/junit-4.10.jar:/Users/elis/.m2/repository/org/hamcrest/hamcrest-core/1.1/hamcrest-core-1.1.jar:/Users/elis/.m2/repository/org/beanshell/bsh/2.0b4/bsh-2.0b4.jar:/Users/elis/.m2/repository/jgrapht/jgrapht/0.6.0/jgrapht-0.6.0.jar:/Users/elis/.m2/repository/net/sf/jwordnet/jwnl/1.4_rc3/jwnl-1.4_rc3.jar:/Users/elis/.m2/repository/net/sf/trove4j/trove4j/2.0.2/trove4j-2.0.2.jar:/Users/elis/.m2/repository/com/googlecode/matrix-toolkits-java/mtj/0.9.14/mtj-0.9.14.jar:/Users/elis/.m2/repository/com/googlecode/netlib-java/netlib-java/0.9.3/netlib-java-0.9.3.jar:/Users/elis/.m2/repository/net/sourceforge/f2j/arpack_combined_all/0.1/arpack_combined_all-0.1.jar:/Users/elis/.m2/repository/org/jdom/jdom/1.1/jdom-1.1.jar:/Users/elis/.m2/repository/org/apache/commons/commons-pool2/2.2/commons-pool2-2.2.jar:/Users/elis/.m2/repository/com/fasterxml/jackson/core/jackson-databind/2.12.6.1/jackson-databind-2.12.6.1.jar:/Users/elis/.m2/repository/com/fasterxml/jackson/core/jackson-annotations/2.12.6/jackson-annotations-2.12.6.jar:/Users/elis/.m2/repository/com/fasterxml/jackson/core/jackson-core/2.12.6/jackson-core-2.12.6.jar:/Users/elis/.m2/repository/org/projectlombok/lombok/1.18.30/lombok-1.18.30.jar:/Users/elis/.m2/repository/org/ejml/ejml-all/0.41/ejml-all-0.41.jar:/Users/elis/.m2/repository/org/ejml/ejml-core/0.41/ejml-core-0.41.jar:/Users/elis/.m2/repository/org/ejml/ejml-fdense/0.41/ejml-fdense-0.41.jar:/Users/elis/.m2/repository/org/ejml/ejml-ddense/0.41/ejml-ddense-0.41.jar:/Users/elis/.m2/repository/org/ejml/ejml-cdense/0.41/ejml-cdense-0.41.jar:/Users/elis/.m2/repository/org/ejml/ejml-zdense/0.41/ejml-zdense-0.41.jar:/Users/elis/.m2/repository/org/ejml/ejml-dsparse/0.41/ejml-dsparse-0.41.jar:/Users/elis/.m2/repository/org/ejml/ejml-simple/0.41/ejml-simple-0.41.jar:/Users/elis/.m2/repository/org/ejml/ejml-fsparse/0.41/ejml-fsparse-0.41.jar:/Users/elis/.m2/repository/me/tongfei/progressbar/0.9.4/progressbar-0.9.4.jar:/Users/elis/.m2/repository/org/jline/jline/3.21.0/jline-3.21.0.jar:"/>
    <property name="java.vm.vendor" value="Homebrew"/>
    <property name="sun.arch.data.model" value="64"/>
    <property name="java.vendor.url" value="https://github.com/Homebrew/homebrew-core/issues"/>
    <property name="user.timezone" value="Europe/Stockholm"/>
    <property name="os.name" value="Mac OS X"/>
    <property name="java.vm.specification.version" value="21"/>
    <property name="sun.java.launcher" value="SUN_STANDARD"/>
    <property name="user.country" value="SE"/>
    <property name="sun.boot.library.path" value="/opt/homebrew/Cellar/openjdk/21/libexec/openjdk.jdk/Contents/Home/lib"/>
    <property name="sun.java.command" value="/Users/elis/Documents/PhD Analytical Sociology/Research/Constrained TM/PartiallyCollapsedLDA/target/surefire/surefirebooter-20231018160231888_3.jar /Users/elis/Documents/PhD Analytical Sociology/Research/Constrained TM/PartiallyCollapsedLDA/target/surefire 2023-10-18T16-02-31_759-jvmRun1 surefire-20231018160231888_1tmp surefire_0-20231018160231888_2tmp"/>
    <property name="http.nonProxyHosts" value="local|*.local|169.254/16|*.169.254/16"/>
    <property name="jdk.debug" value="release"/>
    <property name="surefire.test.class.path" value="/Users/elis/Documents/PhD Analytical Sociology/Research/Constrained TM/PartiallyCollapsedLDA/target/test-classes:/Users/elis/Documents/PhD Analytical Sociology/Research/Constrained TM/PartiallyCollapsedLDA/target/classes:/Users/elis/.m2/repository/it/unimi/dsi/fastutil/7.2.1/fastutil-7.2.1.jar:/Users/elis/.m2/repository/com/google/guava/guava/32.1.3-jre/guava-32.1.3-jre.jar:/Users/elis/.m2/repository/com/google/guava/failureaccess/1.0.1/failureaccess-1.0.1.jar:/Users/elis/.m2/repository/com/google/guava/listenablefuture/9999.0-empty-to-avoid-conflict-with-guava/listenablefuture-9999.0-empty-to-avoid-conflict-with-guava.jar:/Users/elis/.m2/repository/com/google/code/findbugs/jsr305/3.0.2/jsr305-3.0.2.jar:/Users/elis/.m2/repository/org/checkerframework/checker-qual/3.37.0/checker-qual-3.37.0.jar:/Users/elis/.m2/repository/com/google/errorprone/error_prone_annotations/2.21.1/error_prone_annotations-2.21.1.jar:/Users/elis/.m2/repository/com/google/j2objc/j2objc-annotations/2.8/j2objc-annotations-2.8.jar:/Users/elis/.m2/repository/commons-cli/commons-cli/1.2/commons-cli-1.2.jar:/Users/elis/.m2/repository/org/apache/commons/commons-math3/3.3/commons-math3-3.3.jar:/Users/elis/.m2/repository/commons-configuration/commons-configuration/1.9/commons-configuration-1.9.jar:/Users/elis/.m2/repository/commons-lang/commons-lang/2.6/commons-lang-2.6.jar:/Users/elis/.m2/repository/commons-logging/commons-logging/1.1.1/commons-logging-1.1.1.jar:/Users/elis/.m2/repository/cc/mallet/mallet/2.0.7/mallet-2.0.7.jar:/Users/elis/.m2/repository/junit/junit/4.10/junit-4.10.jar:/Users/elis/.m2/repository/org/hamcrest/hamcrest-core/1.1/hamcrest-core-1.1.jar:/Users/elis/.m2/repository/org/beanshell/bsh/2.0b4/bsh-2.0b4.jar:/Users/elis/.m2/repository/jgrapht/jgrapht/0.6.0/jgrapht-0.6.0.jar:/Users/elis/.m2/repository/net/sf/jwordnet/jwnl/1.4_rc3/jwnl-1.4_rc3.jar:/Users/elis/.m2/repository/net/sf/trove4j/trove4j/2.0.2/trove4j-2.0.2.jar:/Users/elis/.m2/repository/com/googlecode/matrix-toolkits-java/mtj/0.9.14/mtj-0.9.14.jar:/Users/elis/.m2/repository/com/googlecode/netlib-java/netlib-java/0.9.3/netlib-java-0.9.3.jar:/Users/elis/.m2/repository/net/sourceforge/f2j/arpack_combined_all/0.1/arpack_combined_all-0.1.jar:/Users/elis/.m2/repository/org/jdom/jdom/1.1/jdom-1.1.jar:/Users/elis/.m2/repository/org/apache/commons/commons-pool2/2.2/commons-pool2-2.2.jar:/Users/elis/.m2/repository/com/fasterxml/jackson/core/jackson-databind/2.12.6.1/jackson-databind-2.12.6.1.jar:/Users/elis/.m2/repository/com/fasterxml/jackson/core/jackson-annotations/2.12.6/jackson-annotations-2.12.6.jar:/Users/elis/.m2/repository/com/fasterxml/jackson/core/jackson-core/2.12.6/jackson-core-2.12.6.jar:/Users/elis/.m2/repository/org/projectlombok/lombok/1.18.30/lombok-1.18.30.jar:/Users/elis/.m2/repository/org/ejml/ejml-all/0.41/ejml-all-0.41.jar:/Users/elis/.m2/repository/org/ejml/ejml-core/0.41/ejml-core-0.41.jar:/Users/elis/.m2/repository/org/ejml/ejml-fdense/0.41/ejml-fdense-0.41.jar:/Users/elis/.m2/repository/org/ejml/ejml-ddense/0.41/ejml-ddense-0.41.jar:/Users/elis/.m2/repository/org/ejml/ejml-cdense/0.41/ejml-cdense-0.41.jar:/Users/elis/.m2/repository/org/ejml/ejml-zdense/0.41/ejml-zdense-0.41.jar:/Users/elis/.m2/repository/org/ejml/ejml-dsparse/0.41/ejml-dsparse-0.41.jar:/Users/elis/.m2/repository/org/ejml/ejml-simple/0.41/ejml-simple-0.41.jar:/Users/elis/.m2/repository/org/ejml/ejml-fsparse/0.41/ejml-fsparse-0.41.jar:/Users/elis/.m2/repository/me/tongfei/progressbar/0.9.4/progressbar-0.9.4.jar:/Users/elis/.m2/repository/org/jline/jline/3.21.0/jline-3.21.0.jar:"/>
    <property name="sun.cpu.endian" value="little"/>
    <property name="user.home" value="/Users/elis"/>
    <property name="user.language" value="en"/>
    <property name="java.specification.vendor" value="Oracle Corporation"/>
    <property name="java.version.date" value="2023-09-19"/>
    <property name="java.home" value="/opt/homebrew/Cellar/openjdk/21/libexec/openjdk.jdk/Contents/Home"/>
    <property name="file.separator" value="/"/>
    <property name="basedir" value="/Users/elis/Documents/PhD Analytical Sociology/Research/Constrained TM/PartiallyCollapsedLDA"/>
    <property name="java.vm.compressedOopsMode" value="Zero based"/>
    <property name="line.separator" value="&#10;"/>
    <property name="java.vm.specification.vendor" value="Oracle Corporation"/>
    <property name="java.specification.name" value="Java Platform API Specification"/>
    <property name="apple.awt.application.name" value="ForkedBooter"/>
    <property name="surefire.real.class.path" value="/Users/elis/Documents/PhD Analytical Sociology/Research/Constrained TM/PartiallyCollapsedLDA/target/surefire/surefirebooter-20231018160231888_3.jar"/>
    <property name="sun.management.compiler" value="HotSpot 64-Bit Tiered Compilers"/>
    <property name="ftp.nonProxyHosts" value="local|*.local|169.254/16|*.169.254/16"/>
    <property name="java.runtime.version" value="21"/>
    <property name="user.name" value="elis"/>
    <property name="stdout.encoding" value="UTF-8"/>
    <property name="path.separator" value=":"/>
    <property name="os.version" value="14.0"/>
    <property name="java.runtime.name" value="OpenJDK Runtime Environment"/>
    <property name="file.encoding" value="UTF-8"/>
    <property name="java.vm.name" value="OpenJDK 64-Bit Server VM"/>
    <property name="java.vendor.version" value="Homebrew"/>
    <property name="localRepository" value="/Users/elis/.m2/repository"/>
    <property name="java.vendor.url.bug" value="https://github.com/Homebrew/homebrew-core/issues"/>
    <property name="java.io.tmpdir" value="/var/folders/mg/nhc28dfj6vx7_217wk8d77pr0000gn/T/"/>
    <property name="java.version" value="21"/>
    <property name="user.dir" value="/Users/elis/Documents/PhD Analytical Sociology/Research/Constrained TM/PartiallyCollapsedLDA"/>
    <property name="os.arch" value="aarch64"/>
    <property name="java.vm.specification.name" value="Java Virtual Machine Specification"/>
    <property name="native.encoding" value="UTF-8"/>
    <property name="java.library.path" value="/Users/elis/Library/Java/Extensions:/Library/Java/Extensions:/Network/Library/Java/Extensions:/System/Library/Java/Extensions:/usr/lib/java:."/>
    <property name="java.vm.info" value="mixed mode, sharing"/>
    <property name="stderr.encoding" value="UTF-8"/>
    <property name="java.vendor" value="Homebrew"/>
    <property name="java.vm.version" value="21"/>
    <property name="sun.io.unicode.encoding" value="UnicodeBig"/>
    <property name="socksNonProxyHosts" value="local|*.local|169.254/16|*.169.254/16"/>
    <property name="java.class.version" value="65.0"/>
  </properties>
  <testcase name="testAvgDocLen" classname="cc.mallet.similarity.CorpusStatisticsTest" time="0.0"/>
  <testcase name="testCorpusSize" classname="cc.mallet.similarity.CorpusStatisticsTest" time="0.0"/>
  <testcase name="testNumTypes" classname="cc.mallet.similarity.CorpusStatisticsTest" time="0.0"/>
  <testcase name="testDocFreqs" classname="cc.mallet.similarity.CorpusStatisticsTest" time="0.001"/>
  <testcase name="testAvgDocLenStream" classname="cc.mallet.similarity.CorpusStatisticsTest" time="37.822"/>
  <testcase name="testDocFreqsStream" classname="cc.mallet.similarity.CorpusStatisticsTest" time="0.019"/>
  <testcase name="testInvertedIndex" classname="cc.mallet.similarity.CorpusStatisticsTest" time="0.001"/>
</testsuite>